   1              	 .syntax unified
   2              	 .cpu cortex-m4
   3              	 .eabi_attribute 27,3
   4              	 .fpu fpv4-sp-d16
   5              	 .eabi_attribute 20,1
   6              	 .eabi_attribute 21,1
   7              	 .eabi_attribute 23,3
   8              	 .eabi_attribute 24,1
   9              	 .eabi_attribute 25,1
  10              	 .eabi_attribute 26,1
  11              	 .eabi_attribute 30,2
  12              	 .eabi_attribute 34,1
  13              	 .eabi_attribute 18,4
  14              	 .thumb
  15              	 .file "main.c"
  16              	 .text
  17              	.Ltext0:
  18              	 .cfi_sections .debug_frame
  19              	 .section .text.startup.main,"ax",%progbits
  20              	 .align 2
  21              	 .global main
  22              	 .thumb
  23              	 .thumb_func
  25              	main:
  26              	.LFB400:
  27              	 .file 1 "../main.c"
   1:../main.c     **** #include <DAVE.h>
   2:../main.c     **** 
   3:../main.c     **** #include "FREERTOS/FreeRTOS.h"
   4:../main.c     **** #include "FREERTOS/task.h"
   5:../main.c     **** 
   6:../main.c     **** #include "UserTasks.h"
   7:../main.c     **** 
   8:../main.c     **** int main(void){
  28              	 .loc 1 8 0
  29              	 .cfi_startproc
  30              	 
  31              	 
  32              	 
  33 0000 08B5     	 push {r3,lr}
  34              	.LCFI0:
  35              	 .cfi_def_cfa_offset 8
  36              	 .cfi_offset 3,-8
  37              	 .cfi_offset 14,-4
   9:../main.c     **** 
  10:../main.c     ****   if(DAVE_Init() != DAVE_STATUS_SUCCESS){
  38              	 .loc 1 10 0
  39 0002 FFF7FEFF 	 bl DAVE_Init
  40              	.LVL0:
  41 0006 00B1     	 cbz r0,.L2
  42              	.L5:
  11:../main.c     ****     while(1);
  43              	 .loc 1 11 0 discriminator 1
  44 0008 FEE7     	 b .L5
  45              	.L2:
  12:../main.c     ****   }
  13:../main.c     **** 
  14:../main.c     ****   startTasks();
  46              	 .loc 1 14 0
  47 000a FFF7FEFF 	 bl startTasks
  48              	.LVL1:
  15:../main.c     **** 
  16:../main.c     ****   vTaskStartScheduler();
  49              	 .loc 1 16 0
  50 000e FFF7FEFF 	 bl vTaskStartScheduler
  51              	.LVL2:
  52              	.L4:
  17:../main.c     **** 
  18:../main.c     ****   while(1);
  53              	 .loc 1 18 0 discriminator 2
  54 0012 FEE7     	 b .L4
  55              	 .cfi_endproc
  56              	.LFE400:
  58              	 .text
  59              	.Letext0:
  60              	 .file 2 "c:\\dave 4\\eclipse\\arm-gcc-49\\arm-none-eabi\\include\\machine\\_default_types.h"
  61              	 .file 3 "c:\\dave 4\\eclipse\\arm-gcc-49\\arm-none-eabi\\include\\stdint.h"
  62              	 .file 4 "C:/Workspaces/Dave 4/CTPOT_test1/Dave/Generated/DAVE.h"
  63              	 .file 5 "C:/Workspaces/Dave 4/CTPOT_test1/Libraries/CMSIS/Include/core_cm4.h"
  64              	 .file 6 "C:/Workspaces/Dave 4/CTPOT_test1/Libraries/CMSIS/Infineon/XMC4700_series/Include/system_XMC4700.h"
  65              	 .file 7 "../UserTasks.h"
  66              	 .file 8 "C:/Workspaces/Dave 4/CTPOT_test1/Dave/Generated/FREERTOS/task.h"
DEFINED SYMBOLS
                            *ABS*:00000000 main.c
    {standard input}:20     .text.startup.main:00000000 $t
    {standard input}:25     .text.startup.main:00000000 main
                     .debug_frame:00000010 $d

UNDEFINED SYMBOLS
DAVE_Init
startTasks
vTaskStartScheduler
