   1              	 .syntax unified
   2              	 .cpu cortex-m4
   3              	 .eabi_attribute 27,3
   4              	 .fpu fpv4-sp-d16
   5              	 .eabi_attribute 20,1
   6              	 .eabi_attribute 21,1
   7              	 .eabi_attribute 23,3
   8              	 .eabi_attribute 24,1
   9              	 .eabi_attribute 25,1
  10              	 .eabi_attribute 26,1
  11              	 .eabi_attribute 30,2
  12              	 .eabi_attribute 34,1
  13              	 .eabi_attribute 18,4
  14              	 .thumb
  15              	 .file "main.c"
  16              	 .section .text.startup.main,"ax",%progbits
  17              	 .align 2
  18              	 .global main
  19              	 .thumb
  20              	 .thumb_func
  22              	main:
  23              	 
  24              	 
  25              	 
  26 0000 08B5     	 push {r3,lr}
  27 0002 FFF7FEFF 	 bl DAVE_Init
  28 0006 00B1     	 cbz r0,.L2
  29              	.L5:
  30 0008 FEE7     	 b .L5
  31              	.L2:
  32 000a FFF7FEFF 	 bl startTasks
  33 000e FFF7FEFF 	 bl vTaskStartScheduler
  34              	.L4:
  35 0012 FEE7     	 b .L4
  37              	 .ident "GCC: (GNU Tools for ARM Embedded Processors) 4.9.3 20141119 (release) [ARM/embedded-4_9-branch revision 218278]"
DEFINED SYMBOLS
                            *ABS*:00000000 main.c
    {standard input}:17     .text.startup.main:00000000 $t
    {standard input}:22     .text.startup.main:00000000 main

UNDEFINED SYMBOLS
DAVE_Init
startTasks
vTaskStartScheduler
